<?xml version="1.0" encoding="UTF-8"?>
<!-- Generated by org.testng.reporters.JUnitReportReporter -->
<testsuite hostname="LAPTOP-3IL50GGT" failures="0" tests="102" name="Sample" time="0.493" errors="0" timestamp="22 Jun 2018 02:12:11 GMT" skipped="0">
  <testcase classname="Sample" name="enterUrl" time="0.000"/>
  <testcase classname="Sample" name="enterUrl" time="0.004"/>
  <testcase classname="Sample" name="enterUrl" time="0.008"/>
  <testcase classname="Sample" name="enterUrl" time="0.016"/>
  <testcase classname="Sample" name="enterUrl" time="0.008"/>
  <testcase classname="Sample" name="enterUrl" time="0.000"/>
  <testcase classname="Sample" name="enterUrl" time="0.047"/>
  <testcase classname="Sample" name="enterUrl" time="0.000"/>
  <testcase classname="Sample" name="enterUrl" time="0.000"/>
  <testcase classname="Sample" name="enterUrl" time="0.000"/>
  <testcase classname="Sample" name="enterUrl" time="0.031"/>
  <testcase classname="Sample" name="enterUrl" time="0.000"/>
  <testcase classname="Sample" name="enterUrl" time="0.004"/>
  <testcase classname="Sample" name="enterUrl" time="0.000"/>
  <testcase classname="Sample" name="enterUrl" time="0.000"/>
  <testcase classname="Sample" name="enterUrl" time="0.000"/>
  <testcase classname="Sample" name="enterUrl" time="0.004"/>
  <testcase classname="Sample" name="enterUrl" time="0.004"/>
  <testcase classname="Sample" name="enterUrl" time="0.000"/>
  <testcase classname="Sample" name="launchBrowser" time="0.016"/>
  <testcase classname="Sample" name="enterUrl" time="0.031"/>
  <testcase classname="Sample" name="enterUrl" time="0.000"/>
  <testcase classname="Sample" name="enterUrl" time="0.015"/>
  <testcase classname="Sample" name="enterUrl" time="0.000"/>
  <testcase classname="Sample" name="enterUrl" time="0.000"/>
  <testcase classname="Sample" name="enterUrl" time="0.004"/>
  <testcase classname="Sample" name="enterUrl" time="0.000"/>
  <testcase classname="Sample" name="closeBrowser" time="0.036"/>
  <testcase classname="Sample" name="enterUrl" time="0.000"/>
  <testcase classname="Sample" name="enterUrl" time="0.004"/>
  <testcase classname="Sample" name="enterUrl" time="0.000"/>
  <testcase classname="Sample" name="enterUrl" time="0.016"/>
  <testcase classname="Sample" name="enterUrl" time="0.016"/>
  <testcase classname="Sample" name="enterUrl" time="0.000"/>
  <testcase classname="Sample" name="enterUrl" time="0.004"/>
  <testcase classname="Sample" name="enterUrl" time="0.000"/>
  <testcase classname="Sample" name="enterUrl" time="0.016"/>
  <testcase classname="Sample" name="enterUrl" time="0.000"/>
  <testcase classname="Sample" name="enterUrl" time="0.004"/>
  <testcase classname="Sample" name="enterUrl" time="0.000"/>
  <testcase classname="Sample" name="enterUrl" time="0.004"/>
  <testcase classname="Sample" name="enterUrl" time="0.016"/>
  <testcase classname="Sample" name="enterUrl" time="0.008"/>
  <testcase classname="Sample" name="enterUrl" time="0.000"/>
  <testcase classname="Sample" name="enterUrl" time="0.004"/>
  <testcase classname="Sample" name="enterUrl" time="0.012"/>
  <testcase classname="Sample" name="enterUrl" time="0.004"/>
  <testcase classname="Sample" name="enterUrl" time="0.015"/>
  <testcase classname="Sample" name="enterUrl" time="0.016"/>
  <testcase classname="Sample" name="enterUrl" time="0.000"/>
  <testcase classname="Sample" name="enterUrl" time="0.000"/>
  <testcase classname="Sample" name="enterUrl" time="0.000"/>
  <testcase classname="Sample" name="enterUrl" time="0.004"/>
  <testcase classname="Sample" name="enterUrl" time="0.000"/>
  <testcase classname="Sample" name="enterUrl" time="0.004"/>
  <testcase classname="Sample" name="enterUrl" time="0.000"/>
  <testcase classname="Sample" name="enterUrl" time="0.004"/>
  <testcase classname="Sample" name="enterUrl" time="0.000"/>
  <testcase classname="Sample" name="enterUrl" time="0.000"/>
  <testcase classname="Sample" name="enterUrl" time="0.000"/>
  <testcase classname="Sample" name="enterUrl" time="0.000"/>
  <testcase classname="Sample" name="enterUrl" time="0.000"/>
  <testcase classname="Sample" name="enterUrl" time="0.004"/>
  <testcase classname="Sample" name="enterUrl" time="0.000"/>
  <testcase classname="Sample" name="enterUrl" time="0.000"/>
  <testcase classname="Sample" name="enterUrl" time="0.004"/>
  <testcase classname="Sample" name="enterUrl" time="0.000"/>
  <testcase classname="Sample" name="enterUrl" time="0.008"/>
  <testcase classname="Sample" name="enterUrl" time="0.000"/>
  <testcase classname="Sample" name="enterUrl" time="0.004"/>
  <testcase classname="Sample" name="enterUrl" time="0.004"/>
  <testcase classname="Sample" name="enterUrl" time="0.004"/>
  <testcase classname="Sample" name="enterUrl" time="0.000"/>
  <testcase classname="Sample" name="enterUrl" time="0.000"/>
  <testcase classname="Sample" name="enterUrl" time="0.000"/>
  <testcase classname="Sample" name="enterUrl" time="0.000"/>
  <testcase classname="Sample" name="enterUrl" time="0.000"/>
  <testcase classname="Sample" name="enterUrl" time="0.004"/>
  <testcase classname="Sample" name="enterUrl" time="0.000"/>
  <testcase classname="Sample" name="enterUrl" time="0.004"/>
  <testcase classname="Sample" name="enterUrl" time="0.008"/>
  <testcase classname="Sample" name="enterUrl" time="0.015"/>
  <testcase classname="Sample" name="enterUrl" time="0.000"/>
  <testcase classname="Sample" name="enterUrl" time="0.015"/>
  <testcase classname="Sample" name="enterUrl" time="0.000"/>
  <testcase classname="Sample" name="enterUrl" time="0.000"/>
  <testcase classname="Sample" name="enterUrl" time="0.000"/>
  <testcase classname="Sample" name="enterUrl" time="0.000"/>
  <testcase classname="Sample" name="enterUrl" time="0.000"/>
  <testcase classname="Sample" name="enterUrl" time="0.000"/>
  <testcase classname="Sample" name="enterUrl" time="0.004"/>
  <testcase classname="Sample" name="enterUrl" time="0.016"/>
  <testcase classname="Sample" name="enterUrl" time="0.000"/>
  <testcase classname="Sample" name="enterUrl" time="0.000"/>
  <testcase classname="Sample" name="enterUrl" time="0.000"/>
  <testcase classname="Sample" name="enterUrl" time="0.000"/>
  <testcase classname="Sample" name="enterUrl" time="0.000"/>
  <testcase classname="Sample" name="enterUrl" time="0.004"/>
  <testcase classname="Sample" name="enterUrl" time="0.000"/>
  <testcase classname="Sample" name="enterUrl" time="0.000"/>
  <testcase classname="Sample" name="enterUrl" time="0.000"/>
  <testcase classname="Sample" name="enterUrl" time="0.016"/>
</testsuite> <!-- Sample -->
