<?xml version="1.0" encoding="UTF-8"?>
<!-- Generated by org.testng.reporters.JUnitReportReporter -->
<testsuite hostname="LAPTOP-3IL50GGT" failures="0" tests="3" name="Execution" time="0.032" errors="0" timestamp="26 Jun 2018 02:36:04 GMT" skipped="0">
  <testcase classname="Execution" name="closeBrowser" time="0.032"/>
  <testcase classname="Execution" name="enterUrl" time="0.000"/>
  <testcase classname="Execution" name="launchBrowser" time="0.000"/>
</testsuite> <!-- Execution -->
